Analysis & Synthesis report for WiMax_PHY_QPSKv3
Wed Nov 20 23:34:07 2024
Quartus Prime Version 23.1std.1 Build 993 05/14/2024 SC Lite Edition


---------------------
; Table of Contents ;
---------------------
  1. Legal Notice
  2. Analysis & Synthesis Summary
  3. Analysis & Synthesis Settings
  4. Parallel Compilation
  5. Analysis & Synthesis Source Files Read
  6. Analysis & Synthesis Resource Usage Summary
  7. Analysis & Synthesis Resource Utilization by Entity
  8. Analysis & Synthesis RAM Summary
  9. Analysis & Synthesis IP Cores Summary
 10. State Machine - |fec_encoder_wimax_phy|output_state
 11. State Machine - |fec_encoder_wimax_phy|input_state
 12. General Register Statistics
 13. Multiplexer Restructuring Statistics (Restructuring Performed)
 14. Source assignments for FEC_DPR:fec_encoder_DPR|altsyncram:altsyncram_component|altsyncram_6in2:auto_generated
 15. Parameter Settings for User Entity Instance: FEC_DPR:fec_encoder_DPR|altsyncram:altsyncram_component
 16. altsyncram Parameter Settings by Entity Instance
 17. Port Connectivity Checks: "FEC_DPR:fec_encoder_DPR"
 18. Post-Synthesis Netlist Statistics for Top Partition
 19. Elapsed Time Per Partition
 20. Analysis & Synthesis Messages



----------------
; Legal Notice ;
----------------
Copyright (C) 2024  Intel Corporation. All rights reserved.
Your use of Intel Corporation's design tools, logic functions 
and other software and tools, and any partner logic 
functions, and any output files from any of the foregoing 
(including device programming or simulation files), and any 
associated documentation or information are expressly subject 
to the terms and conditions of the Intel Program License 
Subscription Agreement, the Intel Quartus Prime License Agreement,
the Intel FPGA IP License Agreement, or other applicable license
agreement, including, without limitation, that your use is for
the sole purpose of programming logic devices manufactured by
Intel and sold by Intel or its authorized distributors.  Please
refer to the applicable agreement for further details, at
https://fpgasoftware.intel.com/eula.



+----------------------------------------------------------------------------------+
; Analysis & Synthesis Summary                                                     ;
+---------------------------------+------------------------------------------------+
; Analysis & Synthesis Status     ; Successful - Wed Nov 20 23:34:07 2024          ;
; Quartus Prime Version           ; 23.1std.1 Build 993 05/14/2024 SC Lite Edition ;
; Revision Name                   ; WiMax_PHY_QPSKv3                               ;
; Top-level Entity Name           ; fec_encoder_wimax_phy                          ;
; Family                          ; Cyclone V                                      ;
; Logic utilization (in ALMs)     ; N/A                                            ;
; Total registers                 ; 84                                             ;
; Total pins                      ; 9                                              ;
; Total virtual pins              ; 0                                              ;
; Total block memory bits         ; 192                                            ;
; Total DSP Blocks                ; 0                                              ;
; Total HSSI RX PCSs              ; 0                                              ;
; Total HSSI PMA RX Deserializers ; 0                                              ;
; Total HSSI TX PCSs              ; 0                                              ;
; Total HSSI PMA TX Serializers   ; 0                                              ;
; Total PLLs                      ; 0                                              ;
; Total DLLs                      ; 0                                              ;
+---------------------------------+------------------------------------------------+


+------------------------------------------------------------------------------------------------------------------------------+
; Analysis & Synthesis Settings                                                                                                ;
+---------------------------------------------------------------------------------+-----------------------+--------------------+
; Option                                                                          ; Setting               ; Default Value      ;
+---------------------------------------------------------------------------------+-----------------------+--------------------+
; Device                                                                          ; 5CEBA4F23C7           ;                    ;
; Top-level entity name                                                           ; fec_encoder_wimax_phy ; WiMax_PHY_QPSKv3   ;
; Family name                                                                     ; Cyclone V             ; Cyclone V          ;
; Use smart compilation                                                           ; Off                   ; Off                ;
; Enable parallel Assembler and Timing Analyzer during compilation                ; On                    ; On                 ;
; Enable compact report table                                                     ; Off                   ; Off                ;
; Restructure Multiplexers                                                        ; Auto                  ; Auto               ;
; MLAB Add Timing Constraints For Mixed-Port Feed-Through Mode Setting Don't Care ; Off                   ; Off                ;
; Create Debugging Nodes for IP Cores                                             ; Off                   ; Off                ;
; Preserve fewer node names                                                       ; On                    ; On                 ;
; Intel FPGA IP Evaluation Mode                                                   ; Enable                ; Enable             ;
; Verilog Version                                                                 ; Verilog_2001          ; Verilog_2001       ;
; VHDL Version                                                                    ; VHDL_1993             ; VHDL_1993          ;
; State Machine Processing                                                        ; Auto                  ; Auto               ;
; Safe State Machine                                                              ; Off                   ; Off                ;
; Extract Verilog State Machines                                                  ; On                    ; On                 ;
; Extract VHDL State Machines                                                     ; On                    ; On                 ;
; Ignore Verilog initial constructs                                               ; Off                   ; Off                ;
; Iteration limit for constant Verilog loops                                      ; 5000                  ; 5000               ;
; Iteration limit for non-constant Verilog loops                                  ; 250                   ; 250                ;
; Add Pass-Through Logic to Inferred RAMs                                         ; On                    ; On                 ;
; Infer RAMs from Raw Logic                                                       ; On                    ; On                 ;
; Parallel Synthesis                                                              ; On                    ; On                 ;
; DSP Block Balancing                                                             ; Auto                  ; Auto               ;
; NOT Gate Push-Back                                                              ; On                    ; On                 ;
; Power-Up Don't Care                                                             ; On                    ; On                 ;
; Remove Redundant Logic Cells                                                    ; Off                   ; Off                ;
; Remove Duplicate Registers                                                      ; On                    ; On                 ;
; Ignore CARRY Buffers                                                            ; Off                   ; Off                ;
; Ignore CASCADE Buffers                                                          ; Off                   ; Off                ;
; Ignore GLOBAL Buffers                                                           ; Off                   ; Off                ;
; Ignore ROW GLOBAL Buffers                                                       ; Off                   ; Off                ;
; Ignore LCELL Buffers                                                            ; Off                   ; Off                ;
; Ignore SOFT Buffers                                                             ; On                    ; On                 ;
; Limit AHDL Integers to 32 Bits                                                  ; Off                   ; Off                ;
; Optimization Technique                                                          ; Balanced              ; Balanced           ;
; Carry Chain Length                                                              ; 70                    ; 70                 ;
; Auto Carry Chains                                                               ; On                    ; On                 ;
; Auto Open-Drain Pins                                                            ; On                    ; On                 ;
; Perform WYSIWYG Primitive Resynthesis                                           ; Off                   ; Off                ;
; Auto ROM Replacement                                                            ; On                    ; On                 ;
; Auto RAM Replacement                                                            ; On                    ; On                 ;
; Auto DSP Block Replacement                                                      ; On                    ; On                 ;
; Auto Shift Register Replacement                                                 ; Auto                  ; Auto               ;
; Allow Shift Register Merging across Hierarchies                                 ; Auto                  ; Auto               ;
; Auto Clock Enable Replacement                                                   ; On                    ; On                 ;
; Strict RAM Replacement                                                          ; Off                   ; Off                ;
; Allow Synchronous Control Signals                                               ; On                    ; On                 ;
; Force Use of Synchronous Clear Signals                                          ; Off                   ; Off                ;
; Auto Resource Sharing                                                           ; Off                   ; Off                ;
; Allow Any RAM Size For Recognition                                              ; Off                   ; Off                ;
; Allow Any ROM Size For Recognition                                              ; Off                   ; Off                ;
; Allow Any Shift Register Size For Recognition                                   ; Off                   ; Off                ;
; Use LogicLock Constraints during Resource Balancing                             ; On                    ; On                 ;
; Ignore translate_off and synthesis_off directives                               ; Off                   ; Off                ;
; Timing-Driven Synthesis                                                         ; On                    ; On                 ;
; Report Parameter Settings                                                       ; On                    ; On                 ;
; Report Source Assignments                                                       ; On                    ; On                 ;
; Report Connectivity Checks                                                      ; On                    ; On                 ;
; Ignore Maximum Fan-Out Assignments                                              ; Off                   ; Off                ;
; Synchronization Register Chain Length                                           ; 3                     ; 3                  ;
; Power Optimization During Synthesis                                             ; Normal compilation    ; Normal compilation ;
; HDL message level                                                               ; Level2                ; Level2             ;
; Suppress Register Optimization Related Messages                                 ; Off                   ; Off                ;
; Number of Removed Registers Reported in Synthesis Report                        ; 5000                  ; 5000               ;
; Number of Swept Nodes Reported in Synthesis Report                              ; 5000                  ; 5000               ;
; Number of Inverted Registers Reported in Synthesis Report                       ; 100                   ; 100                ;
; Clock MUX Protection                                                            ; On                    ; On                 ;
; Auto Gated Clock Conversion                                                     ; Off                   ; Off                ;
; Block Design Naming                                                             ; Auto                  ; Auto               ;
; SDC constraint protection                                                       ; Off                   ; Off                ;
; Synthesis Effort                                                                ; Auto                  ; Auto               ;
; Shift Register Replacement - Allow Asynchronous Clear Signal                    ; On                    ; On                 ;
; Pre-Mapping Resynthesis Optimization                                            ; Off                   ; Off                ;
; Analysis & Synthesis Message Level                                              ; Medium                ; Medium             ;
; Disable Register Merging Across Hierarchies                                     ; Auto                  ; Auto               ;
; Resource Aware Inference For Block RAM                                          ; On                    ; On                 ;
; Automatic Parallel Synthesis                                                    ; On                    ; On                 ;
; Partial Reconfiguration Bitstream ID                                            ; Off                   ; Off                ;
+---------------------------------------------------------------------------------+-----------------------+--------------------+


+------------------------------------------+
; Parallel Compilation                     ;
+----------------------------+-------------+
; Processors                 ; Number      ;
+----------------------------+-------------+
; Number detected on machine ; 12          ;
; Maximum allowed            ; 6           ;
;                            ;             ;
; Average used               ; 1.00        ;
; Maximum used               ; 6           ;
;                            ;             ;
; Usage by Processor         ; % Time Used ;
;     Processor 1            ; 100.0%      ;
;     Processors 2-6         ;   0.0%      ;
+----------------------------+-------------+


+-------------------------------------------------------------------------------------------------------------------------------------------------------------------------------+
; Analysis & Synthesis Source Files Read                                                                                                                                        ;
+----------------------------------+-----------------+------------------------------+---------------------------------------------------------------------------------+---------+
; File Name with User-Entered Path ; Used in Netlist ; File Type                    ; File Name with Absolute Path                                                    ; Library ;
+----------------------------------+-----------------+------------------------------+---------------------------------------------------------------------------------+---------+
; FEC_DPR.v                        ; yes             ; User Wizard-Generated File   ; C:/Users/iT/Desktop/ASIC/WiMaxPHYQPSK/FEC_DPR.v                                 ;         ;
; fec_encoder_wimax_phy.sv         ; yes             ; User SystemVerilog HDL File  ; C:/Users/iT/Desktop/ASIC/WiMaxPHYQPSK/fec_encoder_wimax_phy.sv                  ;         ;
; altsyncram.tdf                   ; yes             ; Megafunction                 ; c:/intelfpga_lite/23.1std/quartus/libraries/megafunctions/altsyncram.tdf        ;         ;
; stratix_ram_block.inc            ; yes             ; Megafunction                 ; c:/intelfpga_lite/23.1std/quartus/libraries/megafunctions/stratix_ram_block.inc ;         ;
; lpm_mux.inc                      ; yes             ; Megafunction                 ; c:/intelfpga_lite/23.1std/quartus/libraries/megafunctions/lpm_mux.inc           ;         ;
; lpm_decode.inc                   ; yes             ; Megafunction                 ; c:/intelfpga_lite/23.1std/quartus/libraries/megafunctions/lpm_decode.inc        ;         ;
; aglobal231.inc                   ; yes             ; Megafunction                 ; c:/intelfpga_lite/23.1std/quartus/libraries/megafunctions/aglobal231.inc        ;         ;
; a_rdenreg.inc                    ; yes             ; Megafunction                 ; c:/intelfpga_lite/23.1std/quartus/libraries/megafunctions/a_rdenreg.inc         ;         ;
; altrom.inc                       ; yes             ; Megafunction                 ; c:/intelfpga_lite/23.1std/quartus/libraries/megafunctions/altrom.inc            ;         ;
; altram.inc                       ; yes             ; Megafunction                 ; c:/intelfpga_lite/23.1std/quartus/libraries/megafunctions/altram.inc            ;         ;
; altdpram.inc                     ; yes             ; Megafunction                 ; c:/intelfpga_lite/23.1std/quartus/libraries/megafunctions/altdpram.inc          ;         ;
; db/altsyncram_6in2.tdf           ; yes             ; Auto-Generated Megafunction  ; C:/Users/iT/Desktop/ASIC/WiMaxPHYQPSK/db/altsyncram_6in2.tdf                    ;         ;
+----------------------------------+-----------------+------------------------------+---------------------------------------------------------------------------------+---------+


+-------------------------------------------------------------+
; Analysis & Synthesis Resource Usage Summary                 ;
+---------------------------------------------+---------------+
; Resource                                    ; Usage         ;
+---------------------------------------------+---------------+
; Estimate of Logic utilization (ALMs needed) ; 161           ;
;                                             ;               ;
; Combinational ALUT usage for logic          ; 238           ;
;     -- 7 input functions                    ; 1             ;
;     -- 6 input functions                    ; 83            ;
;     -- 5 input functions                    ; 27            ;
;     -- 4 input functions                    ; 9             ;
;     -- <=3 input functions                  ; 118           ;
;                                             ;               ;
; Dedicated logic registers                   ; 84            ;
;                                             ;               ;
; I/O pins                                    ; 9             ;
; Total MLAB memory bits                      ; 0             ;
; Total block memory bits                     ; 192           ;
;                                             ;               ;
; Total DSP Blocks                            ; 0             ;
;                                             ;               ;
; Maximum fan-out node                        ; reset_N~input ;
; Maximum fan-out                             ; 84            ;
; Total fan-out                               ; 1345          ;
; Average fan-out                             ; 3.94          ;
+---------------------------------------------+---------------+


+-----------------------------------------------------------------------------------------------------------------------------------------------------------------------------------------------------------------------------------------------------------------------------------------------------------+
; Analysis & Synthesis Resource Utilization by Entity                                                                                                                                                                                                                                                       ;
+-------------------------------------------+---------------------+---------------------------+-------------------+------------+------+--------------+---------------------------------------------------------------------------------------------------------------+-----------------------+--------------+
; Compilation Hierarchy Node                ; Combinational ALUTs ; Dedicated Logic Registers ; Block Memory Bits ; DSP Blocks ; Pins ; Virtual Pins ; Full Hierarchy Name                                                                                           ; Entity Name           ; Library Name ;
+-------------------------------------------+---------------------+---------------------------+-------------------+------------+------+--------------+---------------------------------------------------------------------------------------------------------------+-----------------------+--------------+
; |fec_encoder_wimax_phy                    ; 238 (238)           ; 84 (84)                   ; 192               ; 0          ; 9    ; 0            ; |fec_encoder_wimax_phy                                                                                        ; fec_encoder_wimax_phy ; work         ;
;    |FEC_DPR:fec_encoder_DPR|              ; 0 (0)               ; 0 (0)                     ; 192               ; 0          ; 0    ; 0            ; |fec_encoder_wimax_phy|FEC_DPR:fec_encoder_DPR                                                                ; FEC_DPR               ; work         ;
;       |altsyncram:altsyncram_component|   ; 0 (0)               ; 0 (0)                     ; 192               ; 0          ; 0    ; 0            ; |fec_encoder_wimax_phy|FEC_DPR:fec_encoder_DPR|altsyncram:altsyncram_component                                ; altsyncram            ; work         ;
;          |altsyncram_6in2:auto_generated| ; 0 (0)               ; 0 (0)                     ; 192               ; 0          ; 0    ; 0            ; |fec_encoder_wimax_phy|FEC_DPR:fec_encoder_DPR|altsyncram:altsyncram_component|altsyncram_6in2:auto_generated ; altsyncram_6in2       ; work         ;
+-------------------------------------------+---------------------+---------------------------+-------------------+------------+------+--------------+---------------------------------------------------------------------------------------------------------------+-----------------------+--------------+
Note: For table entries with two numbers listed, the numbers in parentheses indicate the number of resources of the given type used by the specific entity alone. The numbers listed outside of parentheses indicate the total resources of the given type used by the specific entity and all of its sub-entities in the hierarchy.


+-----------------------------------------------------------------------------------------------------------------------------------------------------------------------------------------------------+
; Analysis & Synthesis RAM Summary                                                                                                                                                                    ;
+---------------------------------------------------------------------------------------------------+------+----------------+--------------+--------------+--------------+--------------+------+------+
; Name                                                                                              ; Type ; Mode           ; Port A Depth ; Port A Width ; Port B Depth ; Port B Width ; Size ; MIF  ;
+---------------------------------------------------------------------------------------------------+------+----------------+--------------+--------------+--------------+--------------+------+------+
; FEC_DPR:fec_encoder_DPR|altsyncram:altsyncram_component|altsyncram_6in2:auto_generated|ALTSYNCRAM ; AUTO ; True Dual Port ; 192          ; 1            ; 192          ; 1            ; 192  ; None ;
+---------------------------------------------------------------------------------------------------+------+----------------+--------------+--------------+--------------+--------------+------+------+


+----------------------------------------------------------------------------------------------------------------------------------+
; Analysis & Synthesis IP Cores Summary                                                                                            ;
+--------+--------------+---------+--------------+--------------+------------------------------------------------+-----------------+
; Vendor ; IP Core Name ; Version ; Release Date ; License Type ; Entity Instance                                ; IP Include File ;
+--------+--------------+---------+--------------+--------------+------------------------------------------------+-----------------+
; Altera ; RAM: 2-PORT  ; 23.1    ; N/A          ; N/A          ; |fec_encoder_wimax_phy|FEC_DPR:fec_encoder_DPR ; FEC_DPR.v       ;
+--------+--------------+---------+--------------+--------------+------------------------------------------------+-----------------+


Encoding Type:  One-Hot
+---------------------------------------------------------------------------------------+
; State Machine - |fec_encoder_wimax_phy|output_state                                   ;
+--------------------------+--------------------------+----------------+----------------+
; Name                     ; output_state.OUTPUT_IDLE ; output_state.Y ; output_state.X ;
+--------------------------+--------------------------+----------------+----------------+
; output_state.OUTPUT_IDLE ; 0                        ; 0              ; 0              ;
; output_state.X           ; 1                        ; 0              ; 1              ;
; output_state.Y           ; 1                        ; 1              ; 0              ;
+--------------------------+--------------------------+----------------+----------------+


Encoding Type:  One-Hot
+-----------------------------------------------------------------------------------------------------+
; State Machine - |fec_encoder_wimax_phy|input_state                                                  ;
+-----------------------------+------------------+----------------------+-----------------------------+
; Name                        ; input_state.IDLE ; input_state.PINGPONG ; input_state.BUFFERING_INPUT ;
+-----------------------------+------------------+----------------------+-----------------------------+
; input_state.IDLE            ; 0                ; 0                    ; 0                           ;
; input_state.BUFFERING_INPUT ; 1                ; 0                    ; 1                           ;
; input_state.PINGPONG        ; 1                ; 1                    ; 0                           ;
+-----------------------------+------------------+----------------------+-----------------------------+


+------------------------------------------------------+
; General Register Statistics                          ;
+----------------------------------------------+-------+
; Statistic                                    ; Value ;
+----------------------------------------------+-------+
; Total registers                              ; 84    ;
; Number of registers using Synchronous Clear  ; 65    ;
; Number of registers using Synchronous Load   ; 0     ;
; Number of registers using Asynchronous Clear ; 84    ;
; Number of registers using Asynchronous Load  ; 0     ;
; Number of registers using Clock Enable       ; 74    ;
; Number of registers using Preset             ; 0     ;
+----------------------------------------------+-------+


+---------------------------------------------------------------------------------------------------------------------------------------------------------+
; Multiplexer Restructuring Statistics (Restructuring Performed)                                                                                          ;
+--------------------+-----------+---------------+----------------------+------------------------+------------+-------------------------------------------+
; Multiplexer Inputs ; Bus Width ; Baseline Area ; Area if Restructured ; Saving if Restructured ; Registered ; Example Multiplexer Output                ;
+--------------------+-----------+---------------+----------------------+------------------------+------------+-------------------------------------------+
; 10:1               ; 32 bits   ; 192 LEs       ; 0 LEs                ; 192 LEs                ; Yes        ; |fec_encoder_wimax_phy|counter_input[9]   ;
; 11:1               ; 32 bits   ; 224 LEs       ; 0 LEs                ; 224 LEs                ; Yes        ; |fec_encoder_wimax_phy|counter_output[26] ;
; 7:1                ; 2 bits    ; 8 LEs         ; 8 LEs                ; 0 LEs                  ; No         ; |fec_encoder_wimax_phy|input_state        ;
+--------------------+-----------+---------------+----------------------+------------------------+------------+-------------------------------------------+


+---------------------------------------------------------------------------------------------------------------+
; Source assignments for FEC_DPR:fec_encoder_DPR|altsyncram:altsyncram_component|altsyncram_6in2:auto_generated ;
+---------------------------------+--------------------+------+-------------------------------------------------+
; Assignment                      ; Value              ; From ; To                                              ;
+---------------------------------+--------------------+------+-------------------------------------------------+
; OPTIMIZE_POWER_DURING_SYNTHESIS ; NORMAL_COMPILATION ; -    ; -                                               ;
+---------------------------------+--------------------+------+-------------------------------------------------+


+------------------------------------------------------------------------------------------------------+
; Parameter Settings for User Entity Instance: FEC_DPR:fec_encoder_DPR|altsyncram:altsyncram_component ;
+------------------------------------+----------------------+------------------------------------------+
; Parameter Name                     ; Value                ; Type                                     ;
+------------------------------------+----------------------+------------------------------------------+
; BYTE_SIZE_BLOCK                    ; 8                    ; Untyped                                  ;
; AUTO_CARRY_CHAINS                  ; ON                   ; AUTO_CARRY                               ;
; IGNORE_CARRY_BUFFERS               ; OFF                  ; IGNORE_CARRY                             ;
; AUTO_CASCADE_CHAINS                ; ON                   ; AUTO_CASCADE                             ;
; IGNORE_CASCADE_BUFFERS             ; OFF                  ; IGNORE_CASCADE                           ;
; WIDTH_BYTEENA                      ; 1                    ; Untyped                                  ;
; OPERATION_MODE                     ; BIDIR_DUAL_PORT      ; Untyped                                  ;
; WIDTH_A                            ; 1                    ; Signed Integer                           ;
; WIDTHAD_A                          ; 8                    ; Signed Integer                           ;
; NUMWORDS_A                         ; 192                  ; Signed Integer                           ;
; OUTDATA_REG_A                      ; UNREGISTERED         ; Untyped                                  ;
; ADDRESS_ACLR_A                     ; NONE                 ; Untyped                                  ;
; OUTDATA_ACLR_A                     ; NONE                 ; Untyped                                  ;
; WRCONTROL_ACLR_A                   ; NONE                 ; Untyped                                  ;
; INDATA_ACLR_A                      ; NONE                 ; Untyped                                  ;
; BYTEENA_ACLR_A                     ; NONE                 ; Untyped                                  ;
; WIDTH_B                            ; 1                    ; Signed Integer                           ;
; WIDTHAD_B                          ; 8                    ; Signed Integer                           ;
; NUMWORDS_B                         ; 192                  ; Signed Integer                           ;
; INDATA_REG_B                       ; CLOCK0               ; Untyped                                  ;
; WRCONTROL_WRADDRESS_REG_B          ; CLOCK0               ; Untyped                                  ;
; RDCONTROL_REG_B                    ; CLOCK1               ; Untyped                                  ;
; ADDRESS_REG_B                      ; CLOCK0               ; Untyped                                  ;
; OUTDATA_REG_B                      ; UNREGISTERED         ; Untyped                                  ;
; BYTEENA_REG_B                      ; CLOCK1               ; Untyped                                  ;
; INDATA_ACLR_B                      ; NONE                 ; Untyped                                  ;
; WRCONTROL_ACLR_B                   ; NONE                 ; Untyped                                  ;
; ADDRESS_ACLR_B                     ; NONE                 ; Untyped                                  ;
; OUTDATA_ACLR_B                     ; NONE                 ; Untyped                                  ;
; RDCONTROL_ACLR_B                   ; NONE                 ; Untyped                                  ;
; BYTEENA_ACLR_B                     ; NONE                 ; Untyped                                  ;
; WIDTH_BYTEENA_A                    ; 1                    ; Signed Integer                           ;
; WIDTH_BYTEENA_B                    ; 1                    ; Signed Integer                           ;
; RAM_BLOCK_TYPE                     ; AUTO                 ; Untyped                                  ;
; BYTE_SIZE                          ; 8                    ; Untyped                                  ;
; READ_DURING_WRITE_MODE_MIXED_PORTS ; DONT_CARE            ; Untyped                                  ;
; READ_DURING_WRITE_MODE_PORT_A      ; NEW_DATA_NO_NBE_READ ; Untyped                                  ;
; READ_DURING_WRITE_MODE_PORT_B      ; NEW_DATA_NO_NBE_READ ; Untyped                                  ;
; INIT_FILE                          ; UNUSED               ; Untyped                                  ;
; INIT_FILE_LAYOUT                   ; PORT_A               ; Untyped                                  ;
; MAXIMUM_DEPTH                      ; 0                    ; Untyped                                  ;
; CLOCK_ENABLE_INPUT_A               ; BYPASS               ; Untyped                                  ;
; CLOCK_ENABLE_INPUT_B               ; BYPASS               ; Untyped                                  ;
; CLOCK_ENABLE_OUTPUT_A              ; BYPASS               ; Untyped                                  ;
; CLOCK_ENABLE_OUTPUT_B              ; BYPASS               ; Untyped                                  ;
; CLOCK_ENABLE_CORE_A                ; USE_INPUT_CLKEN      ; Untyped                                  ;
; CLOCK_ENABLE_CORE_B                ; USE_INPUT_CLKEN      ; Untyped                                  ;
; ENABLE_ECC                         ; FALSE                ; Untyped                                  ;
; ECC_PIPELINE_STAGE_ENABLED         ; FALSE                ; Untyped                                  ;
; WIDTH_ECCSTATUS                    ; 3                    ; Untyped                                  ;
; DEVICE_FAMILY                      ; Cyclone V            ; Untyped                                  ;
; CBXI_PARAMETER                     ; altsyncram_6in2      ; Untyped                                  ;
+------------------------------------+----------------------+------------------------------------------+
Note: In order to hide this table in the UI and the text report file, please set the "Show Parameter Settings in Synthesis Report" option in "Analysis and Synthesis Settings -> More Settings" to "Off".


+-----------------------------------------------------------------------------------------------------+
; altsyncram Parameter Settings by Entity Instance                                                    ;
+-------------------------------------------+---------------------------------------------------------+
; Name                                      ; Value                                                   ;
+-------------------------------------------+---------------------------------------------------------+
; Number of entity instances                ; 1                                                       ;
; Entity Instance                           ; FEC_DPR:fec_encoder_DPR|altsyncram:altsyncram_component ;
;     -- OPERATION_MODE                     ; BIDIR_DUAL_PORT                                         ;
;     -- WIDTH_A                            ; 1                                                       ;
;     -- NUMWORDS_A                         ; 192                                                     ;
;     -- OUTDATA_REG_A                      ; UNREGISTERED                                            ;
;     -- WIDTH_B                            ; 1                                                       ;
;     -- NUMWORDS_B                         ; 192                                                     ;
;     -- ADDRESS_REG_B                      ; CLOCK0                                                  ;
;     -- OUTDATA_REG_B                      ; UNREGISTERED                                            ;
;     -- RAM_BLOCK_TYPE                     ; AUTO                                                    ;
;     -- READ_DURING_WRITE_MODE_MIXED_PORTS ; DONT_CARE                                               ;
+-------------------------------------------+---------------------------------------------------------+


+------------------------------------------------------------------------------------------------------------------+
; Port Connectivity Checks: "FEC_DPR:fec_encoder_DPR"                                                              ;
+--------+--------+----------+-------------------------------------------------------------------------------------+
; Port   ; Type   ; Severity ; Details                                                                             ;
+--------+--------+----------+-------------------------------------------------------------------------------------+
; wren_b ; Input  ; Info     ; Stuck at GND                                                                        ;
; q_a    ; Output ; Info     ; Connected to dangling logic. Logic that only feeds a dangling port will be removed. ;
+--------+--------+----------+-------------------------------------------------------------------------------------+


+-----------------------------------------------------+
; Post-Synthesis Netlist Statistics for Top Partition ;
+-----------------------+-----------------------------+
; Type                  ; Count                       ;
+-----------------------+-----------------------------+
; arriav_ff             ; 84                          ;
;     CLR               ; 9                           ;
;     CLR SCLR          ; 1                           ;
;     ENA CLR           ; 10                          ;
;     ENA CLR SCLR      ; 64                          ;
; arriav_lcell_comb     ; 238                         ;
;     arith             ; 95                          ;
;         1 data inputs ; 95                          ;
;     extend            ; 1                           ;
;         7 data inputs ; 1                           ;
;     normal            ; 142                         ;
;         0 data inputs ; 1                           ;
;         2 data inputs ; 7                           ;
;         3 data inputs ; 15                          ;
;         4 data inputs ; 9                           ;
;         5 data inputs ; 27                          ;
;         6 data inputs ; 83                          ;
; boundary_port         ; 9                           ;
; stratixv_ram_block    ; 1                           ;
;                       ;                             ;
; Max LUT depth         ; 7.10                        ;
; Average LUT depth     ; 4.70                        ;
+-----------------------+-----------------------------+


+-------------------------------+
; Elapsed Time Per Partition    ;
+----------------+--------------+
; Partition Name ; Elapsed Time ;
+----------------+--------------+
; Top            ; 00:00:00     ;
+----------------+--------------+


+-------------------------------+
; Analysis & Synthesis Messages ;
+-------------------------------+
Info: *******************************************************************
Info: Running Quartus Prime Analysis & Synthesis
    Info: Version 23.1std.1 Build 993 05/14/2024 SC Lite Edition
    Info: Processing started: Wed Nov 20 23:33:59 2024
Info: Command: quartus_map --read_settings_files=on --write_settings_files=off WiMax_PHY_QPSKv3 -c WiMax_PHY_QPSKv3
Warning (18236): Number of processors has not been specified which may cause overloading on shared machines.  Set the global assignment NUM_PARALLEL_PROCESSORS in your QSF to an appropriate value for best performance.
Info (20030): Parallel compilation is enabled and will use 6 of the 6 processors detected
Info (12021): Found 1 design units, including 1 entities, in source file qpsk_mod_tb.sv
    Info (12023): Found entity 1: qpsk_MOD_tb File: C:/Users/iT/Desktop/ASIC/WiMaxPHYQPSK/qpsk_MOD_tb.sv Line: 1
Info (12021): Found 1 design units, including 1 entities, in source file qpsk_mod.sv
    Info (12023): Found entity 1: qpsk_MOD File: C:/Users/iT/Desktop/ASIC/WiMaxPHYQPSK/qpsk_MOD.sv Line: 7
Info (12021): Found 1 design units, including 1 entities, in source file fec_dpr.v
    Info (12023): Found entity 1: FEC_DPR File: C:/Users/iT/Desktop/ASIC/WiMaxPHYQPSK/FEC_DPR.v Line: 40
Info (12021): Found 1 design units, including 1 entities, in source file fec_encoder_wimax_phy.sv
    Info (12023): Found entity 1: fec_encoder_wimax_phy File: C:/Users/iT/Desktop/ASIC/WiMaxPHYQPSK/fec_encoder_wimax_phy.sv Line: 2
Info (12021): Found 1 design units, including 1 entities, in source file fec_encoder_wimax_phy_tb.sv
    Info (12023): Found entity 1: fec_encoder_wimax_phy_tb File: C:/Users/iT/Desktop/ASIC/WiMaxPHYQPSK/fec_encoder_wimax_phy_tb.sv Line: 4
Info (12021): Found 1 design units, including 0 entities, in source file package_wimax.sv
    Info (12022): Found design unit 1: Package_wimax (SystemVerilog) File: C:/Users/iT/Desktop/ASIC/WiMaxPHYQPSK/Package_wimax.sv Line: 1
Info (12021): Found 1 design units, including 1 entities, in source file pll_50_100.v
    Info (12023): Found entity 1: PLL_50_100 File: C:/Users/iT/Desktop/ASIC/WiMaxPHYQPSK/PLL_50_100.v Line: 8
Info (12021): Found 1 design units, including 1 entities, in source file pll_50_100/pll_50_100_0002.v
    Info (12023): Found entity 1: PLL_50_100_0002 File: C:/Users/iT/Desktop/ASIC/WiMaxPHYQPSK/PLL_50_100/PLL_50_100_0002.v Line: 2
Info (12021): Found 1 design units, including 1 entities, in source file pll_50_100_tb.sv
    Info (12023): Found entity 1: PLL_50_100_tb File: C:/Users/iT/Desktop/ASIC/WiMaxPHYQPSK/PLL_50_100_tb.sv Line: 1
Info (12021): Found 1 design units, including 1 entities, in source file prbs_top.sv
    Info (12023): Found entity 1: prbs_top File: C:/Users/iT/Desktop/ASIC/WiMaxPHYQPSK/prbs_top.sv Line: 1
Info (12021): Found 1 design units, including 1 entities, in source file prbs.sv
    Info (12023): Found entity 1: prbs File: C:/Users/iT/Desktop/ASIC/WiMaxPHYQPSK/prbs.sv Line: 1
Info (12021): Found 1 design units, including 1 entities, in source file prbs_tb.sv
    Info (12023): Found entity 1: prbs_tb File: C:/Users/iT/Desktop/ASIC/WiMaxPHYQPSK/prbs_tb.sv Line: 1
Info (12127): Elaborating entity "fec_encoder_wimax_phy" for the top level hierarchy
Warning (10230): Verilog HDL assignment warning at fec_encoder_wimax_phy.sv(74): truncated value with size 32 to match size of target (8) File: C:/Users/iT/Desktop/ASIC/WiMaxPHYQPSK/fec_encoder_wimax_phy.sv Line: 74
Info (12128): Elaborating entity "FEC_DPR" for hierarchy "FEC_DPR:fec_encoder_DPR" File: C:/Users/iT/Desktop/ASIC/WiMaxPHYQPSK/fec_encoder_wimax_phy.sv Line: 67
Info (12128): Elaborating entity "altsyncram" for hierarchy "FEC_DPR:fec_encoder_DPR|altsyncram:altsyncram_component" File: C:/Users/iT/Desktop/ASIC/WiMaxPHYQPSK/FEC_DPR.v Line: 98
Info (12130): Elaborated megafunction instantiation "FEC_DPR:fec_encoder_DPR|altsyncram:altsyncram_component" File: C:/Users/iT/Desktop/ASIC/WiMaxPHYQPSK/FEC_DPR.v Line: 98
Info (12133): Instantiated megafunction "FEC_DPR:fec_encoder_DPR|altsyncram:altsyncram_component" with the following parameter: File: C:/Users/iT/Desktop/ASIC/WiMaxPHYQPSK/FEC_DPR.v Line: 98
    Info (12134): Parameter "address_reg_b" = "CLOCK0"
    Info (12134): Parameter "clock_enable_input_a" = "BYPASS"
    Info (12134): Parameter "clock_enable_input_b" = "BYPASS"
    Info (12134): Parameter "clock_enable_output_a" = "BYPASS"
    Info (12134): Parameter "clock_enable_output_b" = "BYPASS"
    Info (12134): Parameter "indata_reg_b" = "CLOCK0"
    Info (12134): Parameter "intended_device_family" = "Cyclone V"
    Info (12134): Parameter "lpm_type" = "altsyncram"
    Info (12134): Parameter "numwords_a" = "192"
    Info (12134): Parameter "numwords_b" = "192"
    Info (12134): Parameter "operation_mode" = "BIDIR_DUAL_PORT"
    Info (12134): Parameter "outdata_aclr_a" = "NONE"
    Info (12134): Parameter "outdata_aclr_b" = "NONE"
    Info (12134): Parameter "outdata_reg_a" = "UNREGISTERED"
    Info (12134): Parameter "outdata_reg_b" = "UNREGISTERED"
    Info (12134): Parameter "power_up_uninitialized" = "FALSE"
    Info (12134): Parameter "read_during_write_mode_mixed_ports" = "DONT_CARE"
    Info (12134): Parameter "read_during_write_mode_port_a" = "NEW_DATA_NO_NBE_READ"
    Info (12134): Parameter "read_during_write_mode_port_b" = "NEW_DATA_NO_NBE_READ"
    Info (12134): Parameter "widthad_a" = "8"
    Info (12134): Parameter "widthad_b" = "8"
    Info (12134): Parameter "width_a" = "1"
    Info (12134): Parameter "width_b" = "1"
    Info (12134): Parameter "width_byteena_a" = "1"
    Info (12134): Parameter "width_byteena_b" = "1"
    Info (12134): Parameter "wrcontrol_wraddress_reg_b" = "CLOCK0"
Info (12021): Found 1 design units, including 1 entities, in source file db/altsyncram_6in2.tdf
    Info (12023): Found entity 1: altsyncram_6in2 File: C:/Users/iT/Desktop/ASIC/WiMaxPHYQPSK/db/altsyncram_6in2.tdf Line: 28
Info (12128): Elaborating entity "altsyncram_6in2" for hierarchy "FEC_DPR:fec_encoder_DPR|altsyncram:altsyncram_component|altsyncram_6in2:auto_generated" File: c:/intelfpga_lite/23.1std/quartus/libraries/megafunctions/altsyncram.tdf Line: 792
Info (286030): Timing-Driven Synthesis is running
Warning (20013): Ignored 16 assignments for entity "PLL_50_100" -- entity does not exist in design
    Warning (20014): Assignment for entity set_global_assignment -name IP_TOOL_NAME altera_pll -entity PLL_50_100 -sip PLL_50_100.sip -library lib_PLL_50_100 was ignored
    Warning (20014): Assignment for entity set_global_assignment -name IP_TOOL_VERSION 23.1 -entity PLL_50_100 -sip PLL_50_100.sip -library lib_PLL_50_100 was ignored
    Warning (20014): Assignment for entity set_global_assignment -name IP_TOOL_ENV mwpim -entity PLL_50_100 -sip PLL_50_100.sip -library lib_PLL_50_100 was ignored
Warning (20013): Ignored 317 assignments for entity "PLL_50_100_0002" -- entity does not exist in design
Info (16010): Generating hard_block partition "hard_block:auto_generated_inst"
    Info (16011): Adding 0 node(s), including 0 DDIO, 0 PLL, 0 transceiver and 0 LCELL
Info (21057): Implemented 248 device resources after synthesis - the final resource count might be different
    Info (21058): Implemented 6 input pins
    Info (21059): Implemented 3 output pins
    Info (21061): Implemented 238 logic cells
    Info (21064): Implemented 1 RAM segments
Info: Quartus Prime Analysis & Synthesis was successful. 0 errors, 7 warnings
    Info: Peak virtual memory: 4857 megabytes
    Info: Processing ended: Wed Nov 20 23:34:07 2024
    Info: Elapsed time: 00:00:08
    Info: Total CPU time (on all processors): 00:00:12


